* using log directory ‘/__w/linux-arm64-checks/linux-arm64-checks/cmpp.Rcheck’
* using R version 4.5.3 (2026-03-11)
* using platform: aarch64-unknown-linux-gnu
* R was compiled by
    gcc (Ubuntu 13.3.0-6ubuntu2~24.04.1) 13.3.0
    GNU Fortran (Ubuntu 13.3.0-6ubuntu2~24.04.1) 13.3.0
* running under: Ubuntu 24.04.4 LTS
* using session charset: UTF-8
* using options ‘--no-manual --no-vignettes’
* checking for file ‘cmpp/DESCRIPTION’ ... OK
* checking extension type ... Package
* this is package ‘cmpp’ version ‘0.0.2’
* package encoding: UTF-8
* checking package namespace information ... OK
* checking package dependencies ... OK
* checking if this is a source package ... OK
* checking if there is a namespace ... OK
* checking for executable files ... OK
* checking for hidden files and directories ... OK
* checking for portable file names ... OK
* checking for sufficient/correct file permissions ... OK
* checking whether package ‘cmpp’ can be installed ... OK
* used C++ compiler: ‘g++ (Ubuntu 13.3.0-6ubuntu2~24.04.1) 13.3.0’
* checking installed package size ... OK
* checking package directory ... OK
* checking DESCRIPTION meta-information ... OK
* checking top-level files ... OK
* checking for left-over files ... OK
* checking index information ... OK
* checking package subdirectories ... OK
* checking code files for non-ASCII characters ... OK
* checking R files for syntax errors ... OK
* checking whether the package can be loaded ... OK
* checking whether the package can be loaded with stated dependencies ... OK
* checking whether the package can be unloaded cleanly ... OK
* checking whether the namespace can be loaded with stated dependencies ... OK
* checking whether the namespace can be unloaded cleanly ... OK
* checking loading without being on the library search path ... OK
* checking dependencies in R code ... OK
* checking S3 generic/method consistency ... OK
* checking replacement functions ... OK
* checking foreign function calls ... OK
* checking R code for possible problems ... OK
* checking Rd files ... OK
* checking Rd metadata ... OK
* checking Rd cross-references ... OK
* checking for missing documentation entries ... OK
* checking for code/documentation mismatches ... OK
* checking Rd \usage sections ... OK
* checking Rd contents ... OK
* checking for unstated dependencies in examples ... OK
* checking contents of ‘data’ directory ... OK
* checking data for non-ASCII characters ... OK
* checking LazyData ... OK
* checking data for ASCII and uncompressed saves ... OK
* checking line endings in C/C++/Fortran sources/headers ... OK
* checking compiled code ... NOTE
/usr/bin/nm: /__w/linux-arm64-checks/linux-arm64-checks/mylib/cmpp/libs/cmpp.so: no symbols
Note: information on .o files is not available
/usr/bin/nm: /__w/linux-arm64-checks/linux-arm64-checks/mylib/cmpp/libs/cmpp.so: no symbols


See ‘Writing portable packages’ in the ‘Writing R Extensions’ manual.
* checking examples ... ERROR
Running examples in ‘cmpp-Ex.R’ failed
The error most likely occurred in:

> ### Name: CIF_Figs
> ### Title: Plot Cumulative Incidence Functions (CIF) with Confidence
> ###   Intervals
> ### Aliases: CIF_Figs
> 
> ### ** Examples
> 
> library(cmpp)
> data("fertility_data")
> Nam <- names(fertility_data)
> fertility_data$Education
  [1] 2 2 2 1 2 2 2 2 2 2 1 1 2 2 2 2 1 3 3 2 2 2 2 2 2 2 2 2 1 2 1 2 2 2 2 2 2
 [38] 2 1 2 3 2 2 1 2 2 2 2 2 2 2 1 2 2 2 1 2 2 2 2 2 1 1 2 2 3 3 2 2 2 2 2 2 3
 [75] 2 2 2 2 2 2 2 2 2 3 2 2 2 2 2 1 2 2 2 3 2 1 1 2 2 1 1 3 2 2 2 2 1 3 2 2 3
[112] 3 2 2 2 2 2 2 2 2 3 2 2 2 2 2 3 2 2 2 2 2 2 2 2 2 3 2 2 2 2 2 3 2 2 2 2 3
[149] 3 2 2 1 3 1 3 2 2 3 2 3 3 3 2 2 2 1 2 2 3 1 2 2 1 2 2 3 2 1 2 1 2 1 2 2 2
[186] 2 1 2 2 2 1 3 2 2 2 2 3 1 2 2 2 2 2 2 2 2 3 2 1 3 1 3 2 2 2 2 3 2 3 2 2 2
[223] 3 2 2 2 2 2 2 2 2 2 2 2 2 2 3 2 2 2 3 2 2 2 3 2 3 2 2 1 2 1 3 2 2 2 2 2 2
[260] 2 3 1 2 2 2 2 2 2 2 2 2 2 2 3 2 2 2 2 2 1 1 2 1 2 2 2 2 2 1 2 2 2 2 2 2 1
[297] 1 1 2 2 2 2 2 2 2 2 1 2 1 2 2 2 1 2 2 2 2 2 2 2 2 1 2 1 1 2 1 2 2 2 2 2 1
[334] 2 3 2 3 3 2 3 2 3 2 2 3 2 2 3 2 2 1 3 2 3 2 2 3 3 3 3 2 2 2 1 3 2 2 2 2 2
[371] 2 1 2 1 1 1 1 2 2 1 1 2 2 1 1 3 2 1 1 2 1 2 1 2 2 2 1 2 1 2 2 2 1 2 1 3 2
[408] 2 2 3 2 1 2 1 3 2 2 2 2 2 2 2 2 2 2 2 2 2 2 2 2 2 2 2 2 2 2 2 2 2 2 2 2 2
[445] 1 2 2 2 2 2 1 3 1 2 3 3 2 1 2 2 2 1 2 2 2 3 2 2 2 2 3 2 2 2 2 2 2 3 3 2 1
[482] 1 2 2 2 2 2 2 2 2 3 2 2 2 2 2 2 2 3 2 2 2 2 2 2 3 2 3 3 2 2 2 2 3 2 2 2 2
[519] 3 1 2 2 3 2 2 2 2 3 2 2 2 3 2 3 2 1 1 2 3 2 3 3 2 2 2 2 3 2 3 2 2 2 3 3 2
[556] 2 2 2 2 2 2 2 2 2 2 2 2 2 2 2 3 3 2 2 2 2 2 1 2 3 2 2 2 1 2 2 2 1 2 2 2 2
[593] 2 2 2 2 2 2 2 1 2 2 2 2 2 2 2 2 2 3 2 2 2 3 2 2 1 2 2 1 2 1 2 2 2 1 2 1 1
[630] 2 2 2 2 2 2 2 2 3 3 2 1 2 2 1 2 2 2 2 2 1 2 2
attr(,"label")
[1] Education Levels
attr(,"labels")
       Illiterate Primary/Secondary  Higher Education 
                1                 2                 3 
Levels: 1 2 3
> datt <- make_Dummy(fertility_data, features = c("Education"))
> datt <- datt$New_Data 
> datt['Primary_Secondary'] <- datt$`Education:2`
> datt['Higher_Education'] <- datt$`Education:3`
> datt$`Education:2` <- datt$`Education:3` <- NULL
> datt2 <- make_Dummy(datt, features = 'Event')$New_Data
> d1 <- datt2$`Event:2`
> d2 <- datt2$`Event:3`
> feat <- datt2[c('age', 'Primary_Secondary', 'Higher_Education')] |> 
+    data.matrix()
> timee <- datt2[['time']]
> Initialize(feat, timee, d1, d2, 1e-10)
> initial_params <- c(0.001, 0.001, 0.001, 0.001)
> result <- CIF_res1(initial_params)
Error in solve.default(Information_matrix[3:4, 3:4]) : 
  Lapack routine dgesv: system is exactly singular: U[2,2] = 0
Calls: CIF_res1 -> solve -> solve.default
Execution halted
* DONE
Status: 1 ERROR, 1 NOTE
