* using log directory ‘/__w/linux-arm64-checks/linux-arm64-checks/mmap.Rcheck’
* using R version 4.5.3 (2026-03-11)
* using platform: aarch64-unknown-linux-gnu
* R was compiled by
    gcc (Ubuntu 13.3.0-6ubuntu2~24.04.1) 13.3.0
    GNU Fortran (Ubuntu 13.3.0-6ubuntu2~24.04.1) 13.3.0
* running under: Ubuntu 24.04.4 LTS
* using session charset: UTF-8
* using options ‘--no-manual --no-vignettes’
* checking for file ‘mmap/DESCRIPTION’ ... OK
* checking extension type ... Package
* this is package ‘mmap’ version ‘0.6-24’
* checking package namespace information ... OK
* checking package dependencies ... OK
* checking if this is a source package ... OK
* checking if there is a namespace ... OK
* checking for executable files ... OK
* checking for hidden files and directories ... OK
* checking for portable file names ... OK
* checking for sufficient/correct file permissions ... OK
* checking whether package ‘mmap’ can be installed ... OK
* used C compiler: ‘gcc (Ubuntu 13.3.0-6ubuntu2~24.04.1) 13.3.0’
* checking installed package size ... OK
* checking package directory ... OK
* checking ‘build’ directory ... OK
* checking DESCRIPTION meta-information ... OK
* checking top-level files ... OK
* checking for left-over files ... OK
* checking index information ... OK
* checking package subdirectories ... OK
* checking code files for non-ASCII characters ... OK
* checking R files for syntax errors ... OK
* checking whether the package can be loaded ... OK
* checking whether the package can be loaded with stated dependencies ... OK
* checking whether the package can be unloaded cleanly ... OK
* checking whether the namespace can be loaded with stated dependencies ... OK
* checking whether the namespace can be unloaded cleanly ... OK
* checking loading without being on the library search path ... OK
* checking whether startup messages can be suppressed ... OK
* checking dependencies in R code ... OK
* checking S3 generic/method consistency ... OK
* checking replacement functions ... OK
* checking foreign function calls ... OK
* checking R code for possible problems ... OK
* checking Rd files ... OK
* checking Rd metadata ... OK
* checking Rd cross-references ... OK
* checking for missing documentation entries ... OK
* checking for code/documentation mismatches ... OK
* checking Rd \usage sections ... OK
* checking Rd contents ... OK
* checking for unstated dependencies in examples ... OK
* checking line endings in shell scripts ... OK
* checking line endings in C/C++/Fortran sources/headers ... OK
* checking compiled code ... NOTE
/usr/bin/nm: /__w/linux-arm64-checks/linux-arm64-checks/mylib/mmap/libs/mmap.so: no symbols
Note: information on .o files is not available
/usr/bin/nm: /__w/linux-arm64-checks/linux-arm64-checks/mylib/mmap/libs/mmap.so: no symbols


See ‘Writing portable packages’ in the ‘Writing R Extensions’ manual.
* checking sizes of PDF files under ‘inst/doc’ ... OK
* checking installed files from ‘inst/doc’ ... OK
* checking files in ‘vignettes’ ... OK
* checking examples ... OK
* checking for unstated dependencies in ‘tests’ ... OK
* checking tests ... ERROR
  Running ‘integers.R’
Running the tests in ‘tests/integers.R’ failed.
Last 13 lines of output:
  +     cat("test.int32 disabled\n")
  +     return(NULL)
  +   }
  +   writeBin(0.0, tmp)
  +   m <- mmap(tmp, int64())  # signed 8 byte integers as doubles
  +   m[] <- 2^40
  +   if( !all(m[] == 2^40) )
  +     stop("m[] == 2^40")
  +   munmap(m)
  +   cat("OK\n")
  + }
  > 
  > test.int8()
  Error in test.int8() : m[] == (-128:127L)
  Execution halted
* checking for unstated dependencies in vignettes ... OK
* checking package vignettes ... OK
* checking running R code from vignettes ... SKIPPED
* checking re-building of vignette outputs ... SKIPPED
* DONE
Status: 1 ERROR, 1 NOTE
