* using log directory ‘/__w/linux-arm64-checks/linux-arm64-checks/lidR.Rcheck’
* using R version 4.5.3 (2026-03-11)
* using platform: aarch64-unknown-linux-gnu
* R was compiled by
    gcc (Ubuntu 13.3.0-6ubuntu2~24.04.1) 13.3.0
    GNU Fortran (Ubuntu 13.3.0-6ubuntu2~24.04.1) 13.3.0
* running under: Ubuntu 24.04.4 LTS
* using session charset: UTF-8
* using options ‘--no-manual --no-vignettes’
* checking for file ‘lidR/DESCRIPTION’ ... OK
* checking extension type ... Package
* this is package ‘lidR’ version ‘4.2.3’
* package encoding: UTF-8
* checking package namespace information ... OK
* checking package dependencies ... OK
* checking if this is a source package ... OK
* checking if there is a namespace ... OK
* checking for executable files ... OK
* checking for hidden files and directories ... OK
* checking for portable file names ... OK
* checking for sufficient/correct file permissions ... OK
* checking whether package ‘lidR’ can be installed ... OK
* used C++ compiler: ‘g++ (Ubuntu 13.3.0-6ubuntu2~24.04.1) 13.3.0’
* checking C++ specification ... OK
* checking installed package size ... OK
* checking package directory ... OK
* checking ‘build’ directory ... OK
* checking DESCRIPTION meta-information ... OK
* checking top-level files ... OK
* checking for left-over files ... OK
* checking index information ... OK
* checking package subdirectories ... OK
* checking code files for non-ASCII characters ... OK
* checking R files for syntax errors ... OK
* checking whether the package can be loaded ... OK
* checking whether the package can be loaded with stated dependencies ... OK
* checking whether the package can be unloaded cleanly ... OK
* checking whether the namespace can be loaded with stated dependencies ... OK
* checking whether the namespace can be unloaded cleanly ... OK
* checking loading without being on the library search path ... OK
* checking whether startup messages can be suppressed ... OK
* checking dependencies in R code ... OK
* checking S3 generic/method consistency ... OK
* checking replacement functions ... OK
* checking foreign function calls ... OK
* checking R code for possible problems ... OK
* checking Rd files ... OK
* checking Rd metadata ... OK
* checking Rd cross-references ... OK
* checking for missing documentation entries ... OK
* checking for code/documentation mismatches ... OK
* checking Rd \usage sections ... OK
* checking Rd contents ... OK
* checking for unstated dependencies in examples ... OK
* checking line endings in C/C++/Fortran sources/headers ... OK
* checking line endings in Makefiles ... OK
* checking compilation flags in Makevars ... OK
* checking for GNU extensions in Makefiles ... OK
* checking for portable use of $(BLAS_LIBS) and $(LAPACK_LIBS) ... OK
* checking use of PKG_*FLAGS in Makefiles ... OK
* checking compiled code ... NOTE
/usr/bin/nm: /__w/linux-arm64-checks/linux-arm64-checks/mylib/lidR/libs/lidR.so: no symbols
Note: information on .o files is not available
/usr/bin/nm: /__w/linux-arm64-checks/linux-arm64-checks/mylib/lidR/libs/lidR.so: no symbols


See ‘Writing portable packages’ in the ‘Writing R Extensions’ manual.
* checking installed files from ‘inst/doc’ ... OK
* checking files in ‘vignettes’ ... OK
* checking examples ... ERROR
Running examples in ‘lidR-Ex.R’ failed
The error most likely occurred in:

> ### Name: Extract
> ### Title: Extract or Replace Parts of a LAS* Object
> ### Aliases: Extract $,LAS-method [[,LAS,ANY,missing-method $<-,LAS-method
> ###   [[<-,LAS,ANY,missing-method [,LAS,numeric,ANY-method
> ###   [,LAS,logical,ANY-method [,LAS,sf,ANY-method [,LAS,sfc,ANY-method
> ###   $,LAScatalog-method [[,LAScatalog,ANY,missing-method
> ###   [,LAScatalog,ANY,ANY-method [,LAScatalog,logical,ANY-method
> ###   [,LAScatalog,sf,ANY-method [,LAScatalog,sfc,ANY-method
> ###   [[<-,LAScatalog,ANY,ANY-method $<-,LAScatalog-method
> ###   $,LASheader-method $<-,LASheader-method
> ###   [[,LASheader,ANY,missing-method
> ###   [[<-,LASheader,character,missing-method
> 
> ### ** Examples
> 
> LASfile <- system.file("extdata", "example.laz", package="rlas")
> las = readLAS(LASfile)

                                                                                
Error: Invalid data: ScanAngleRank is not an unsigned integer on 8 bits
Execution halted
* checking for unstated dependencies in ‘tests’ ... OK
* checking tests ... ERROR
  Running ‘testthat.R’
Running the tests in ‘tests/testthat.R’ failed.
Last 13 lines of output:
   13. │                     └─base::eval(exprs, env)
   14. │                       ├─lidR::readLAS(megaplot_laz_path) at ./setup-testthat.R:20:1
   15. │                       └─lidR:::readLAS.character(megaplot_laz_path)
   16. │                         ├─lidR:::streamLAS(files, ofile = "", select, filter)
   17. │                         └─lidR:::streamLAS.character(files, ofile = "", select, filter)
   18. │                           └─lidR::LAS(data, header, check = TRUE, index = NULL, no_attr_name_check = TRUE)
   19. │                             └─rlas::is_valid_ScanAngleRank(data, "stop")
   20. │                               └─rlas:::is_no_na_integer_on_n_bits(...)
   21. │                                 └─rlas:::error_handling_engine(errors, behavior)
   22. │                                   └─base::stop(errors[1], call. = FALSE)
   23. └─base::.handleSimpleError(...)
   24.   └─testthat (local) h(simpleError(msg, call))
   25.     └─cli::cli_abort(...)
   26.       └─rlang::abort(...)
  Execution halted
* checking for unstated dependencies in vignettes ... OK
* checking package vignettes ... OK
* checking running R code from vignettes ... SKIPPED
* checking re-building of vignette outputs ... SKIPPED
* DONE
Status: 2 ERRORs, 1 NOTE
