* installing *source* package ‘taxonomizr’ ...
** this is package ‘taxonomizr’ version ‘0.11.1’
** package ‘taxonomizr’ successfully unpacked and MD5 sums checked
** using staged installation
** libs
using C compiler: ‘gcc (Ubuntu 13.3.0-6ubuntu2~24.04.1) 13.3.0’
gcc -std=gnu2x -I"/usr/share/R/include" -DNDEBUG       -fPIC  -g -O2 -fno-omit-frame-pointer -mno-omit-leaf-frame-pointer -ffile-prefix-map=/build/r-base-LHdUM6/r-base-4.5.3=. -fstack-protector-strong -fstack-clash-protection -Wformat -Werror=format-security -mbranch-protection=standard -fdebug-prefix-map=/build/r-base-LHdUM6/r-base-4.5.3=/usr/src/r-base-4.5.3-1.2404.0 -Wdate-time -D_FORTIFY_SOURCE=3  -c taxaTrim.c -o taxaTrim.o
gcc -std=gnu2x -I"/usr/share/R/include" -DNDEBUG       -fPIC  -g -O2 -fno-omit-frame-pointer -mno-omit-leaf-frame-pointer -ffile-prefix-map=/build/r-base-LHdUM6/r-base-4.5.3=. -fstack-protector-strong -fstack-clash-protection -Wformat -Werror=format-security -mbranch-protection=standard -fdebug-prefix-map=/build/r-base-LHdUM6/r-base-4.5.3=/usr/src/r-base-4.5.3-1.2404.0 -Wdate-time -D_FORTIFY_SOURCE=3  -c taxonomizr-init.c -o taxonomizr-init.o
gcc -std=gnu2x -shared -L/usr/lib/R/lib -Wl,-Bsymbolic-functions -flto=auto -ffat-lto-objects -Wl,-z,relro -o taxonomizr.so taxaTrim.o taxonomizr-init.o -L/usr/lib/R/lib -lR
installing to /__w/linux-arm64-checks/linux-arm64-checks/mylib/00LOCK-taxonomizr/00new/taxonomizr/libs
** R
** inst
** byte-compile and prepare package for lazy loading
** help
*** installing help indices
** building package indices
** installing vignettes
** testing if installed package can be loaded from temporary location
** checking absolute paths in shared objects and dynamic libraries
** testing if installed package can be loaded from final location
** testing if installed package keeps a record of temporary installation path
* DONE (taxonomizr)
