* using log directory ‘/__w/linux-arm64-checks/linux-arm64-checks/rxode2.Rcheck’
* using R version 4.5.3 (2026-03-11)
* using platform: aarch64-unknown-linux-gnu
* R was compiled by
    gcc (Ubuntu 13.3.0-6ubuntu2~24.04.1) 13.3.0
    GNU Fortran (Ubuntu 13.3.0-6ubuntu2~24.04.1) 13.3.0
* running under: Ubuntu 24.04.4 LTS
* using session charset: UTF-8
* using options ‘--no-manual --no-vignettes’
* checking for file ‘rxode2/DESCRIPTION’ ... OK
* this is package ‘rxode2’ version ‘5.0.2’
* package encoding: UTF-8
* checking package namespace information ... OK
* checking package dependencies ... OK
* checking if this is a source package ... OK
* checking if there is a namespace ... OK
* checking for executable files ... OK
* checking for hidden files and directories ... OK
* checking for portable file names ... OK
* checking for sufficient/correct file permissions ... OK
* checking whether package ‘rxode2’ can be installed ... OK
* used C compiler: ‘gcc (Ubuntu 13.3.0-6ubuntu2~24.04.1) 13.3.0’
* used Fortran compiler: ‘GNU Fortran (Ubuntu 13.3.0-6ubuntu2~24.04.1) 13.3.0’
* used C++ compiler: ‘g++ (Ubuntu 13.3.0-6ubuntu2~24.04.1) 13.3.0’
* checking C++ specification ... OK
* checking installed package size ... INFO
  installed size is 83.2Mb
  sub-directories of 1Mb or more:
    include   1.4Mb
    libs     78.5Mb
    R         1.4Mb
* checking package directory ... OK
* checking ‘build’ directory ... OK
* checking DESCRIPTION meta-information ... OK
* checking top-level files ... OK
* checking for left-over files ... OK
* checking index information ... OK
* checking package subdirectories ... OK
* checking code files for non-ASCII characters ... OK
* checking R files for syntax errors ... OK
* checking whether the package can be loaded ... OK
* checking whether the package can be loaded with stated dependencies ... OK
* checking whether the package can be unloaded cleanly ... OK
* checking whether the namespace can be loaded with stated dependencies ... OK
* checking whether the namespace can be unloaded cleanly ... OK
* checking loading without being on the library search path ... OK
* checking whether startup messages can be suppressed ... OK
* checking dependencies in R code ... OK
* checking S3 generic/method consistency ... OK
* checking replacement functions ... OK
* checking foreign function calls ... OK
* checking R code for possible problems ... OK
* checking Rd files ... OK
* checking Rd metadata ... OK
* checking Rd cross-references ... OK
* checking for missing documentation entries ... OK
* checking for code/documentation mismatches ... OK
* checking Rd \usage sections ... OK
* checking Rd contents ... OK
* checking for unstated dependencies in examples ... OK
* checking contents of ‘data’ directory ... OK
* checking data for non-ASCII characters ... OK
* checking LazyData ... OK
* checking data for ASCII and uncompressed saves ... OK
* checking line endings in shell scripts ... OK
* checking line endings in C/C++/Fortran sources/headers ... OK
* checking line endings in Makefiles ... OK
* checking compilation flags in Makevars ... OK
* checking for GNU extensions in Makefiles ... OK
* checking for portable use of $(BLAS_LIBS) and $(LAPACK_LIBS) ... OK
* checking use of PKG_*FLAGS in Makefiles ... OK
* checking compiled code ... NOTE
Note: information on .o files is not available
* checking usage of KIND in Fortran files ... OK
* checking installed files from ‘inst/doc’ ... OK
* checking files in ‘vignettes’ ... OK
* checking examples ... ERROR
Running examples in ‘rxode2-Ex.R’ failed
The error most likely occurred in:

> ### Name: dfWishart
> ### Title: This uses simulations to match the rse
> ### Aliases: dfWishart
> 
> ### ** Examples
> 
> 
> dfWishart(lotri::lotri(a+b~c(1, 0.5, 1)), 100)

 *** caught segfault ***
address 0xfff07f8c5b54, cause 'invalid permissions'

Traceback:
 1: withCallingHandlers(expr, warning = function(w) if (inherits(w,     classes)) tryInvokeRestart("muffleWarning"))
 2: suppressWarnings(.Call(`_rxode2_setGlobalSeed`, seed$seed))
 3: .rxSetSeed(.newSeed)
 4: rxWithSeed(seed, {    stats::uniroot(dfWishartCalcRse, lower = .lower, upper = .upper,         omega = omega, totN = totN, rse = rse, diag = diag)})
 5: dfWishart(lotri::lotri(a + b ~ c(1, 0.5, 1)), 100)
An irrecoverable exception occurred. R is aborting now ...
Segmentation fault (core dumped)
* checking for unstated dependencies in ‘tests’ ... OK
* checking tests ... ERROR
  Running ‘testthat.R’
Running the tests in ‘tests/testthat.R’ failed.
Last 13 lines of output:
  27: test_code(code = exprs, env = env, reporter = get_reporter() %||%     StopReporter$new())
  28: source_file(path, env = env(env), desc = desc, shuffle = shuffle,     error_call = error_call)
  29: FUN(X[[i]], ...)
  30: lapply(test_paths, test_one_file, env = env, desc = desc, shuffle = shuffle,     error_call = error_call)
  31: doTryCatch(return(expr), name, parentenv, handler)
  32: tryCatchOne(expr, names, parentenv, handlers[[1L]])
  33: tryCatchList(expr, classes, parentenv, handlers)
  34: tryCatch(code, testthat_abort_reporter = function(cnd) {    cat(conditionMessage(cnd), "\n")    NULL})
  35: with_reporter(reporters$multi, lapply(test_paths, test_one_file,     env = env, desc = desc, shuffle = shuffle, error_call = error_call))
  36: test_files_serial(test_dir = test_dir, test_package = test_package,     test_paths = test_paths, load_helpers = load_helpers, reporter = reporter,     env = env, stop_on_failure = stop_on_failure, stop_on_warning = stop_on_warning,     desc = desc, load_package = load_package, shuffle = shuffle,     error_call = error_call)
  37: test_files(test_dir = path, test_paths = test_paths, test_package = package,     reporter = reporter, load_helpers = load_helpers, env = env,     stop_on_failure = stop_on_failure, stop_on_warning = stop_on_warning,     load_package = load_package, parallel = parallel, shuffle = shuffle)
  38: test_dir("testthat", package = package, reporter = reporter,     ..., load_package = "installed")
  39: test_check("rxode2")
  An irrecoverable exception occurred. R is aborting now ...
  Segmentation fault (core dumped)
* checking for unstated dependencies in vignettes ... OK
* checking package vignettes ... OK
* checking running R code from vignettes ... SKIPPED
* checking re-building of vignette outputs ... SKIPPED
* DONE
Status: 2 ERRORs, 1 NOTE
