* installing *source* package ‘retistruct’ ...
** this is package ‘retistruct’ version ‘0.8.1’
** package ‘retistruct’ successfully unpacked and MD5 sums checked
** using staged installation
** libs
using C compiler: ‘gcc (Ubuntu 13.3.0-6ubuntu2~24.04.1) 13.3.0’
gcc -std=gnu2x -I"/usr/share/R/include" -DNDEBUG       -fPIC  -g -O2 -fno-omit-frame-pointer -mno-omit-leaf-frame-pointer -ffile-prefix-map=/build/r-base-LHdUM6/r-base-4.5.3=. -fstack-protector-strong -fstack-clash-protection -Wformat -Werror=format-security -mbranch-protection=standard -fdebug-prefix-map=/build/r-base-LHdUM6/r-base-4.5.3=/usr/src/r-base-4.5.3-1.2404.0 -Wdate-time -D_FORTIFY_SOURCE=3  -c bary2sph.c -o bary2sph.o
gcc -std=gnu2x -I"/usr/share/R/include" -DNDEBUG       -fPIC  -g -O2 -fno-omit-frame-pointer -mno-omit-leaf-frame-pointer -ffile-prefix-map=/build/r-base-LHdUM6/r-base-4.5.3=. -fstack-protector-strong -fstack-clash-protection -Wformat -Werror=format-security -mbranch-protection=standard -fdebug-prefix-map=/build/r-base-LHdUM6/r-base-4.5.3=/usr/src/r-base-4.5.3-1.2404.0 -Wdate-time -D_FORTIFY_SOURCE=3  -c energy.c -o energy.o
gcc -std=gnu2x -I"/usr/share/R/include" -DNDEBUG       -fPIC  -g -O2 -fno-omit-frame-pointer -mno-omit-leaf-frame-pointer -ffile-prefix-map=/build/r-base-LHdUM6/r-base-4.5.3=. -fstack-protector-strong -fstack-clash-protection -Wformat -Werror=format-security -mbranch-protection=standard -fdebug-prefix-map=/build/r-base-LHdUM6/r-base-4.5.3=/usr/src/r-base-4.5.3-1.2404.0 -Wdate-time -D_FORTIFY_SOURCE=3  -c retistruct_init.c -o retistruct_init.o
gcc -std=gnu2x -shared -L/usr/lib/R/lib -Wl,-Bsymbolic-functions -flto=auto -ffat-lto-objects -Wl,-z,relro -o retistruct.so bary2sph.o energy.o retistruct_init.o -L/usr/lib/R/lib -lR
installing to /__w/linux-arm64-checks/linux-arm64-checks/mylib/00LOCK-retistruct/00new/retistruct/libs
** R
** demo
** inst
** byte-compile and prepare package for lazy loading
Warning: 'rgl.init' failed, will use the null device.
See '?rgl.useNULL' for ways to avoid this warning.
** help
*** installing help indices
** building package indices
** testing if installed package can be loaded from temporary location
Warning: 'rgl.init' failed, will use the null device.
See '?rgl.useNULL' for ways to avoid this warning.
** checking absolute paths in shared objects and dynamic libraries
** testing if installed package can be loaded from final location
Warning: 'rgl.init' failed, will use the null device.
See '?rgl.useNULL' for ways to avoid this warning.
** testing if installed package keeps a record of temporary installation path
* DONE (retistruct)
