* installing *source* package ‘minired’ ...
** this is package ‘minired’ version ‘1.0.1’
** package ‘minired’ successfully unpacked and MD5 sums checked
** using staged installation
  checking runtime
  found: 'linux-gnu'
   arch: 'aarch64'
  using download from 'https://redatam-core.s3.us-west-2.amazonaws.com/core-dev/linux-arm64/redatamx-core-linux-arm64-20241010.zip'
  checking REDATAM libraries
  cannot find current redatam runtime files
  attempting to download them
trying URL 'https://redatam-core.s3.us-west-2.amazonaws.com/core-dev/linux-arm64/redatamx-core-linux-arm64-20241010.zip'
Error in download.file("https://redatam-core.s3.us-west-2.amazonaws.com/core-dev/linux-arm64/redatamx-core-linux-arm64-20241010.zip",  : 
  cannot open URL 'https://redatam-core.s3.us-west-2.amazonaws.com/core-dev/linux-arm64/redatamx-core-linux-arm64-20241010.zip'
In addition: Warning message:
In download.file("https://redatam-core.s3.us-west-2.amazonaws.com/core-dev/linux-arm64/redatamx-core-linux-arm64-20241010.zip",  :
  cannot open URL 'https://redatam-core.s3.us-west-2.amazonaws.com/core-dev/linux-arm64/redatamx-core-linux-arm64-20241010.zip': HTTP status was '403 Forbidden'
Execution halted
  unpacking current redatam runtime
unzip:  cannot find or open redatam-engine.zip, redatam-engine.zip.zip or redatam-engine.zip.ZIP.
cp: cannot stat 'tmpredatam/lib/libredengine-1.0.0-rc2.*': No such file or directory
** libs
using C++ compiler: ‘g++ (Ubuntu 13.3.0-6ubuntu2~24.04.1) 13.3.0’
using C++17
g++ -std=gnu++17 -I"/usr/share/R/include" -DNDEBUG  -I'/usr/local/lib/R/site-library/cpp11/include'     -fPIC  -g -O2 -fno-omit-frame-pointer -mno-omit-leaf-frame-pointer -ffile-prefix-map=/build/r-base-LHdUM6/r-base-4.5.3=. -fstack-protector-strong -fstack-clash-protection -Wformat -Werror=format-security -mbranch-protection=standard -fdebug-prefix-map=/build/r-base-LHdUM6/r-base-4.5.3=/usr/src/r-base-4.5.3-1.2404.0 -Wdate-time -D_FORTIFY_SOURCE=3   -c cpp11.cpp -o cpp11.o
g++ -std=gnu++17 -I"/usr/share/R/include" -DNDEBUG  -I'/usr/local/lib/R/site-library/cpp11/include'     -fPIC  -g -O2 -fno-omit-frame-pointer -mno-omit-leaf-frame-pointer -ffile-prefix-map=/build/r-base-LHdUM6/r-base-4.5.3=. -fstack-protector-strong -fstack-clash-protection -Wformat -Werror=format-security -mbranch-protection=standard -fdebug-prefix-map=/build/r-base-LHdUM6/r-base-4.5.3=/usr/src/r-base-4.5.3-1.2404.0 -Wdate-time -D_FORTIFY_SOURCE=3   -c red_dictionary.cpp -o red_dictionary.o
g++ -std=gnu++17 -I"/usr/share/R/include" -DNDEBUG  -I'/usr/local/lib/R/site-library/cpp11/include'     -fPIC  -g -O2 -fno-omit-frame-pointer -mno-omit-leaf-frame-pointer -ffile-prefix-map=/build/r-base-LHdUM6/r-base-4.5.3=. -fstack-protector-strong -fstack-clash-protection -Wformat -Werror=format-security -mbranch-protection=standard -fdebug-prefix-map=/build/r-base-LHdUM6/r-base-4.5.3=/usr/src/r-base-4.5.3-1.2404.0 -Wdate-time -D_FORTIFY_SOURCE=3   -c red_execute.cpp -o red_execute.o
g++ -std=gnu++17 -I"/usr/share/R/include" -DNDEBUG  -I'/usr/local/lib/R/site-library/cpp11/include'     -fPIC  -g -O2 -fno-omit-frame-pointer -mno-omit-leaf-frame-pointer -ffile-prefix-map=/build/r-base-LHdUM6/r-base-4.5.3=. -fstack-protector-strong -fstack-clash-protection -Wformat -Werror=format-security -mbranch-protection=standard -fdebug-prefix-map=/build/r-base-LHdUM6/r-base-4.5.3=/usr/src/r-base-4.5.3-1.2404.0 -Wdate-time -D_FORTIFY_SOURCE=3   -c red_initialize.cpp -o red_initialize.o
g++ -std=gnu++17 -shared -L/usr/lib/R/lib -Wl,-Bsymbolic-functions -flto=auto -ffat-lto-objects -Wl,-z,relro -o minired.so cpp11.o red_dictionary.o red_execute.o red_initialize.o -L/usr/lib/R/lib -lR
installing to /__w/linux-arm64-checks/linux-arm64-checks/mylib/00LOCK-minired/00new/minired/libs
** R
** inst
** byte-compile and prepare package for lazy loading
** help
*** installing help indices
** building package indices
** testing if installed package can be loaded from temporary location

 *** caught segfault ***
address (nil), cause 'memory not mapped'

Traceback:
 1: fun(libname, pkgname)
 2: doTryCatch(return(expr), name, parentenv, handler)
 3: tryCatchOne(expr, names, parentenv, handlers[[1L]])
 4: tryCatchList(expr, classes, parentenv, handlers)
 5: tryCatch(fun(libname, pkgname), error = identity)
 6: runHook(".onLoad", env, package.lib, package)
 7: loadNamespace(package, lib.loc)
 8: doTryCatch(return(expr), name, parentenv, handler)
 9: tryCatchOne(expr, names, parentenv, handlers[[1L]])
10: tryCatchList(expr, classes, parentenv, handlers)
11: tryCatch({    attr(package, "LibPath") <- which.lib.loc    ns <- loadNamespace(package, lib.loc)    env <- attachNamespace(ns, pos = pos, deps, exclude, include.only)}, error = function(e) {    P <- if (!is.null(cc <- conditionCall(e)))         paste(" in", deparse(cc)[1L])    else ""    msg <- gettextf("package or namespace load failed for %s%s:\n %s",         sQuote(package), P, conditionMessage(e))    if (logical.return && !quietly)         message(paste("Error:", msg), domain = NA)    else stop(msg, call. = FALSE, domain = NA)})
12: library(pkg_name, lib.loc = lib, character.only = TRUE, logical.return = TRUE)
13: withCallingHandlers(expr, packageStartupMessage = function(c) tryInvokeRestart("muffleMessage"))
14: suppressPackageStartupMessages(library(pkg_name, lib.loc = lib,     character.only = TRUE, logical.return = TRUE))
15: doTryCatch(return(expr), name, parentenv, handler)
16: tryCatchOne(expr, names, parentenv, handlers[[1L]])
17: tryCatchList(expr, classes, parentenv, handlers)
18: tryCatch(expr, error = function(e) {    call <- conditionCall(e)    if (!is.null(call)) {        if (identical(call[[1L]], quote(doTryCatch)))             call <- sys.call(-4L)        dcall <- deparse(call, nlines = 1L)        prefix <- paste("Error in", dcall, ": ")        LONG <- 75L        sm <- strsplit(conditionMessage(e), "\n")[[1L]]        w <- 14L + nchar(dcall, type = "w") + nchar(sm[1L], type = "w")        if (is.na(w))             w <- 14L + nchar(dcall, type = "b") + nchar(sm[1L],                 type = "b")        if (w > LONG)             prefix <- paste0(prefix, "\n  ")    }    else prefix <- "Error : "    msg <- paste0(prefix, conditionMessage(e), "\n")    .Internal(seterrmessage(msg[1L]))    if (!silent && isTRUE(getOption("show.error.messages"))) {        cat(msg, file = outFile)        .Internal(printDeferredWarnings())    }    invisible(structure(msg, class = "try-error", condition = e))})
19: try(suppressPackageStartupMessages(library(pkg_name, lib.loc = lib,     character.only = TRUE, logical.return = TRUE)))
20: tools:::.test_load_package("minired", "/__w/linux-arm64-checks/linux-arm64-checks/mylib/00LOCK-minired/00new")
An irrecoverable exception occurred. R is aborting now ...
Segmentation fault (core dumped)
ERROR: loading failed
* removing ‘/__w/linux-arm64-checks/linux-arm64-checks/mylib/minired’
