* installing *source* package ‘tiledb’ ...
** this is package ‘tiledb’ version ‘0.33.0’
** package ‘tiledb’ successfully unpacked and MD5 sums checked
** using staged installation
checking whether the C++ compiler works... yes
checking for C++ compiler default output file name... a.out
checking for suffix of executables... 
checking whether we are cross compiling... no
checking for suffix of object files... o
checking whether the compiler supports GNU C++... yes
checking whether g++ -std=gnu++17 accepts -g... yes
checking for g++ -std=gnu++17 option to enable C++11 features... none needed
checking how to run the C++ preprocessor... g++ -std=gnu++17 -E
checking whether the compiler supports GNU C++... (cached) yes
checking whether g++ -std=gnu++17 accepts -g... (cached) yes
checking for g++ -std=gnu++17 option to enable C++11 features... (cached) none needed
checking whether g++ -std=gnu++17 supports C++17 features by default... yes
checking for pkg-config... /usr/bin/pkg-config
checking if pkg-config knows TileDB... no
checking for stdio.h... yes
checking for stdlib.h... yes
checking for string.h... yes
checking for inttypes.h... yes
checking for stdint.h... yes
checking for strings.h... yes
checking for sys/stat.h... yes
checking for sys/types.h... yes
checking for unistd.h... yes
checking for filesystem... yes
checking for tiledb/tiledb... no
configure: error: currently unsupported system Linux on aarch64
ERROR: configuration failed for package ‘tiledb’
* removing ‘/__w/linux-arm64-checks/linux-arm64-checks/mylib/tiledb’
