* using log directory ‘/__w/linux-arm64-checks/linux-arm64-checks/nlme.Rcheck’
* using R version 4.5.3 (2026-03-11)
* using platform: aarch64-unknown-linux-gnu
* R was compiled by
    gcc (Ubuntu 13.3.0-6ubuntu2~24.04.1) 13.3.0
    GNU Fortran (Ubuntu 13.3.0-6ubuntu2~24.04.1) 13.3.0
* running under: Ubuntu 24.04.4 LTS
* using session charset: UTF-8
* using options ‘--no-manual --no-vignettes’
* checking for file ‘nlme/DESCRIPTION’ ... OK
* this is package ‘nlme’ version ‘3.1-168’
* package encoding: UTF-8
* checking package namespace information ... OK
* checking package dependencies ... OK
* checking if this is a source package ... OK
* checking if there is a namespace ... OK
* checking for executable files ... OK
* checking for hidden files and directories ... OK
* checking for portable file names ... OK
* checking for sufficient/correct file permissions ... OK
* checking whether package ‘nlme’ can be installed ... OK
* used C compiler: ‘gcc (Ubuntu 13.3.0-6ubuntu2~24.04.1) 13.3.0’
* used Fortran compiler: ‘GNU Fortran (Ubuntu 13.3.0-6ubuntu2~24.04.1) 13.3.0’
* checking installed package size ... OK
* checking package directory ... OK
* checking DESCRIPTION meta-information ... OK
* checking top-level files ... OK
* checking for left-over files ... OK
* checking index information ... OK
* checking package subdirectories ... OK
* checking code files for non-ASCII characters ... OK
* checking R files for syntax errors ... OK
* checking whether the package can be loaded ... OK
* checking whether the package can be loaded with stated dependencies ... OK
* checking whether the package can be unloaded cleanly ... OK
* checking whether the namespace can be loaded with stated dependencies ... OK
* checking whether the namespace can be unloaded cleanly ... OK
* checking dependencies in R code ... OK
* checking S3 generic/method consistency ... OK
* checking replacement functions ... OK
* checking foreign function calls ... OK
* checking R code for possible problems ... OK
* checking Rd files ... OK
* checking Rd metadata ... OK
* checking Rd cross-references ... OK
* checking for missing documentation entries ... OK
* checking for code/documentation mismatches ... OK
* checking Rd \usage sections ... OK
* checking Rd contents ... OK
* checking for unstated dependencies in examples ... OK
* checking contents of ‘data’ directory ... OK
* checking data for non-ASCII characters ... OK
* checking LazyData ... OK
* checking data for ASCII and uncompressed saves ... OK
* checking line endings in C/C++/Fortran sources/headers ... OK
* checking line endings in Makefiles ... OK
* checking compilation flags in Makevars ... OK
* checking for GNU extensions in Makefiles ... OK
* checking for portable use of $(BLAS_LIBS) and $(LAPACK_LIBS) ... OK
* checking use of PKG_*FLAGS in Makefiles ... OK
* checking compiled code ... NOTE
/usr/bin/nm: /__w/linux-arm64-checks/linux-arm64-checks/mylib/nlme/libs/nlme.so: no symbols
Note: information on .o files is not available
/usr/bin/nm: /__w/linux-arm64-checks/linux-arm64-checks/mylib/nlme/libs/nlme.so: no symbols


See ‘Writing portable packages’ in the ‘Writing R Extensions’ manual.
* checking usage of KIND in Fortran files ... OK
* checking examples ... OK
* checking for unstated dependencies in ‘tests’ ... OK
* checking tests ... ERROR
  Processing ‘extras.Rin’
  Running ‘anova.gls.R’
  Running ‘augPred_lab.R’
  Running ‘augPredmissing.R’
  Running ‘coef.R’
  Comparing ‘coef.Rout’ to ‘coef.Rout.save’ ... OK
  Running ‘contrMat.R’
  Running ‘corMatrix.R’
  Running ‘corStruct.R’
  Running ‘data.frame.R’
  Running ‘deparse.R’
  Running ‘deviance.R’
  Running ‘fitted.R’
  Running ‘getData.R’
  Running ‘getVarCov.R’
  Running ‘gls.R’
Running the tests in ‘tests/gls.R’ failed.
Last 13 lines of output:
  > stopifnot(all.equal(
  +     predict(fm1, data.frame(Time = 71, Diet = c("2", "3"), stringsAsFactor = FALSE)),
  +     predict(fm1, data.frame(Time = 71, Diet = c("2", "3"), stringsAsFactor = TRUE))))
  > ## in nlme <= 3.1-155, using character input failed with
  > ## Error in X[, names(cf), drop = FALSE] : subscript out of bounds
  > tools::assertError(predict(fm1, data.frame(Time = 71, Diet = 2)), verbose = TRUE)
  Asserted error: contrasts apply only to factors
  > ## more helpful error + warning now
  > 
  > ## PR#17226: same for predict.gnls(), also without intercept
  > fm2 <- gnls(weight ~ f, data = BodyWeight, params = list(f ~ Diet - 1),
  +             start = rep(coef(fm1)[1], 3))
  Error in gnls(weight ~ f, data = BodyWeight, params = list(f ~ Diet -  : 
    step halving factor reduced below minimum in NLS step
  Execution halted
* DONE
Status: 1 ERROR, 1 NOTE
