* using log directory ‘/__w/linux-arm64-checks/linux-arm64-checks/hdtg.Rcheck’
* using R version 4.5.3 (2026-03-11)
* using platform: aarch64-unknown-linux-gnu
* R was compiled by
    gcc (Ubuntu 13.3.0-6ubuntu2~24.04.1) 13.3.0
    GNU Fortran (Ubuntu 13.3.0-6ubuntu2~24.04.1) 13.3.0
* running under: Ubuntu 24.04.4 LTS
* using session charset: UTF-8
* using options ‘--no-manual --no-vignettes’
* checking for file ‘hdtg/DESCRIPTION’ ... OK
* this is package ‘hdtg’ version ‘0.3.4’
* package encoding: UTF-8
* checking package namespace information ... OK
* checking package dependencies ... OK
* checking if this is a source package ... OK
* checking if there is a namespace ... OK
* checking for executable files ... OK
* checking for hidden files and directories ... OK
* checking for portable file names ... OK
* checking for sufficient/correct file permissions ... OK
* checking whether package ‘hdtg’ can be installed ... ERROR
Installation failed.
See ‘/__w/linux-arm64-checks/linux-arm64-checks/hdtg.Rcheck/00install.out’ for details.
* DONE
Status: 1 ERROR
