* installing *source* package ‘Colossus’ ...
** this is package ‘Colossus’ version ‘1.4.10’
** package ‘Colossus’ successfully unpacked and MD5 sums checked
** using staged installation
** libs
using C++ compiler: ‘g++ (Ubuntu 13.3.0-6ubuntu2~24.04.1) 13.3.0’
using C++17
g++ -std=gnu++17 -I"/usr/share/R/include" -DNDEBUG  -I'/usr/local/lib/R/site-library/Rcpp/include' -I'/usr/local/lib/R/site-library/RcppEigen/include' -I'/usr/local/lib/R/site-library/testthat/include'    -fopenmp  -fPIC  -g -O2 -fno-omit-frame-pointer -mno-omit-leaf-frame-pointer -ffile-prefix-map=/build/r-base-LHdUM6/r-base-4.5.3=. -fstack-protector-strong -fstack-clash-protection -Wformat -Werror=format-security -mbranch-protection=standard -fdebug-prefix-map=/build/r-base-LHdUM6/r-base-4.5.3=/usr/src/r-base-4.5.3-1.2404.0 -Wdate-time -D_FORTIFY_SOURCE=3   -c Calc_Repeated.cpp -o Calc_Repeated.o
g++ -std=gnu++17 -I"/usr/share/R/include" -DNDEBUG  -I'/usr/local/lib/R/site-library/Rcpp/include' -I'/usr/local/lib/R/site-library/RcppEigen/include' -I'/usr/local/lib/R/site-library/testthat/include'    -fopenmp  -fPIC  -g -O2 -fno-omit-frame-pointer -mno-omit-leaf-frame-pointer -ffile-prefix-map=/build/r-base-LHdUM6/r-base-4.5.3=. -fstack-protector-strong -fstack-clash-protection -Wformat -Werror=format-security -mbranch-protection=standard -fdebug-prefix-map=/build/r-base-LHdUM6/r-base-4.5.3=/usr/src/r-base-4.5.3-1.2404.0 -Wdate-time -D_FORTIFY_SOURCE=3   -c Grouping.cpp -o Grouping.o
g++ -std=gnu++17 -I"/usr/share/R/include" -DNDEBUG  -I'/usr/local/lib/R/site-library/Rcpp/include' -I'/usr/local/lib/R/site-library/RcppEigen/include' -I'/usr/local/lib/R/site-library/testthat/include'    -fopenmp  -fPIC  -g -O2 -fno-omit-frame-pointer -mno-omit-leaf-frame-pointer -ffile-prefix-map=/build/r-base-LHdUM6/r-base-4.5.3=. -fstack-protector-strong -fstack-clash-protection -Wformat -Werror=format-security -mbranch-protection=standard -fdebug-prefix-map=/build/r-base-LHdUM6/r-base-4.5.3=/usr/src/r-base-4.5.3-1.2404.0 -Wdate-time -D_FORTIFY_SOURCE=3   -c Main_Bound.cpp -o Main_Bound.o
g++ -std=gnu++17 -I"/usr/share/R/include" -DNDEBUG  -I'/usr/local/lib/R/site-library/Rcpp/include' -I'/usr/local/lib/R/site-library/RcppEigen/include' -I'/usr/local/lib/R/site-library/testthat/include'    -fopenmp  -fPIC  -g -O2 -fno-omit-frame-pointer -mno-omit-leaf-frame-pointer -ffile-prefix-map=/build/r-base-LHdUM6/r-base-4.5.3=. -fstack-protector-strong -fstack-clash-protection -Wformat -Werror=format-security -mbranch-protection=standard -fdebug-prefix-map=/build/r-base-LHdUM6/r-base-4.5.3=/usr/src/r-base-4.5.3-1.2404.0 -Wdate-time -D_FORTIFY_SOURCE=3   -c Main_Functions.cpp -o Main_Functions.o
g++ -std=gnu++17 -I"/usr/share/R/include" -DNDEBUG  -I'/usr/local/lib/R/site-library/Rcpp/include' -I'/usr/local/lib/R/site-library/RcppEigen/include' -I'/usr/local/lib/R/site-library/testthat/include'    -fopenmp  -fPIC  -g -O2 -fno-omit-frame-pointer -mno-omit-leaf-frame-pointer -ffile-prefix-map=/build/r-base-LHdUM6/r-base-4.5.3=. -fstack-protector-strong -fstack-clash-protection -Wformat -Werror=format-security -mbranch-protection=standard -fdebug-prefix-map=/build/r-base-LHdUM6/r-base-4.5.3=/usr/src/r-base-4.5.3-1.2404.0 -Wdate-time -D_FORTIFY_SOURCE=3   -c Main_Multi.cpp -o Main_Multi.o
g++ -std=gnu++17 -I"/usr/share/R/include" -DNDEBUG  -I'/usr/local/lib/R/site-library/Rcpp/include' -I'/usr/local/lib/R/site-library/RcppEigen/include' -I'/usr/local/lib/R/site-library/testthat/include'    -fopenmp  -fPIC  -g -O2 -fno-omit-frame-pointer -mno-omit-leaf-frame-pointer -ffile-prefix-map=/build/r-base-LHdUM6/r-base-4.5.3=. -fstack-protector-strong -fstack-clash-protection -Wformat -Werror=format-security -mbranch-protection=standard -fdebug-prefix-map=/build/r-base-LHdUM6/r-base-4.5.3=/usr/src/r-base-4.5.3-1.2404.0 -Wdate-time -D_FORTIFY_SOURCE=3   -c Omnibus_Pieces.cpp -o Omnibus_Pieces.o
g++ -std=gnu++17 -I"/usr/share/R/include" -DNDEBUG  -I'/usr/local/lib/R/site-library/Rcpp/include' -I'/usr/local/lib/R/site-library/RcppEigen/include' -I'/usr/local/lib/R/site-library/testthat/include'    -fopenmp  -fPIC  -g -O2 -fno-omit-frame-pointer -mno-omit-leaf-frame-pointer -ffile-prefix-map=/build/r-base-LHdUM6/r-base-4.5.3=. -fstack-protector-strong -fstack-clash-protection -Wformat -Werror=format-security -mbranch-protection=standard -fdebug-prefix-map=/build/r-base-LHdUM6/r-base-4.5.3=/usr/src/r-base-4.5.3-1.2404.0 -Wdate-time -D_FORTIFY_SOURCE=3   -c Plot_Extensions.cpp -o Plot_Extensions.o
g++ -std=gnu++17 -I"/usr/share/R/include" -DNDEBUG  -I'/usr/local/lib/R/site-library/Rcpp/include' -I'/usr/local/lib/R/site-library/RcppEigen/include' -I'/usr/local/lib/R/site-library/testthat/include'    -fopenmp  -fPIC  -g -O2 -fno-omit-frame-pointer -mno-omit-leaf-frame-pointer -ffile-prefix-map=/build/r-base-LHdUM6/r-base-4.5.3=. -fstack-protector-strong -fstack-clash-protection -Wformat -Werror=format-security -mbranch-protection=standard -fdebug-prefix-map=/build/r-base-LHdUM6/r-base-4.5.3=/usr/src/r-base-4.5.3-1.2404.0 -Wdate-time -D_FORTIFY_SOURCE=3   -c R_Interface.cpp -o R_Interface.o
g++ -std=gnu++17 -I"/usr/share/R/include" -DNDEBUG  -I'/usr/local/lib/R/site-library/Rcpp/include' -I'/usr/local/lib/R/site-library/RcppEigen/include' -I'/usr/local/lib/R/site-library/testthat/include'    -fopenmp  -fPIC  -g -O2 -fno-omit-frame-pointer -mno-omit-leaf-frame-pointer -ffile-prefix-map=/build/r-base-LHdUM6/r-base-4.5.3=. -fstack-protector-strong -fstack-clash-protection -Wformat -Werror=format-security -mbranch-protection=standard -fdebug-prefix-map=/build/r-base-LHdUM6/r-base-4.5.3=/usr/src/r-base-4.5.3-1.2404.0 -Wdate-time -D_FORTIFY_SOURCE=3   -c RcppExports.cpp -o RcppExports.o
g++ -std=gnu++17 -I"/usr/share/R/include" -DNDEBUG  -I'/usr/local/lib/R/site-library/Rcpp/include' -I'/usr/local/lib/R/site-library/RcppEigen/include' -I'/usr/local/lib/R/site-library/testthat/include'    -fopenmp  -fPIC  -g -O2 -fno-omit-frame-pointer -mno-omit-leaf-frame-pointer -ffile-prefix-map=/build/r-base-LHdUM6/r-base-4.5.3=. -fstack-protector-strong -fstack-clash-protection -Wformat -Werror=format-security -mbranch-protection=standard -fdebug-prefix-map=/build/r-base-LHdUM6/r-base-4.5.3=/usr/src/r-base-4.5.3-1.2404.0 -Wdate-time -D_FORTIFY_SOURCE=3   -c Step_Calc.cpp -o Step_Calc.o
g++ -std=gnu++17 -I"/usr/share/R/include" -DNDEBUG  -I'/usr/local/lib/R/site-library/Rcpp/include' -I'/usr/local/lib/R/site-library/RcppEigen/include' -I'/usr/local/lib/R/site-library/testthat/include'    -fopenmp  -fPIC  -g -O2 -fno-omit-frame-pointer -mno-omit-leaf-frame-pointer -ffile-prefix-map=/build/r-base-LHdUM6/r-base-4.5.3=. -fstack-protector-strong -fstack-clash-protection -Wformat -Werror=format-security -mbranch-protection=standard -fdebug-prefix-map=/build/r-base-LHdUM6/r-base-4.5.3=/usr/src/r-base-4.5.3-1.2404.0 -Wdate-time -D_FORTIFY_SOURCE=3   -c Step_Grad.cpp -o Step_Grad.o
g++ -std=gnu++17 -I"/usr/share/R/include" -DNDEBUG  -I'/usr/local/lib/R/site-library/Rcpp/include' -I'/usr/local/lib/R/site-library/RcppEigen/include' -I'/usr/local/lib/R/site-library/testthat/include'    -fopenmp  -fPIC  -g -O2 -fno-omit-frame-pointer -mno-omit-leaf-frame-pointer -ffile-prefix-map=/build/r-base-LHdUM6/r-base-4.5.3=. -fstack-protector-strong -fstack-clash-protection -Wformat -Werror=format-security -mbranch-protection=standard -fdebug-prefix-map=/build/r-base-LHdUM6/r-base-4.5.3=/usr/src/r-base-4.5.3-1.2404.0 -Wdate-time -D_FORTIFY_SOURCE=3   -c Step_Newton.cpp -o Step_Newton.o
g++ -std=gnu++17 -I"/usr/share/R/include" -DNDEBUG  -I'/usr/local/lib/R/site-library/Rcpp/include' -I'/usr/local/lib/R/site-library/RcppEigen/include' -I'/usr/local/lib/R/site-library/testthat/include'    -fopenmp  -fPIC  -g -O2 -fno-omit-frame-pointer -mno-omit-leaf-frame-pointer -ffile-prefix-map=/build/r-base-LHdUM6/r-base-4.5.3=. -fstack-protector-strong -fstack-clash-protection -Wformat -Werror=format-security -mbranch-protection=standard -fdebug-prefix-map=/build/r-base-LHdUM6/r-base-4.5.3=/usr/src/r-base-4.5.3-1.2404.0 -Wdate-time -D_FORTIFY_SOURCE=3   -c Subterms_Risk.cpp -o Subterms_Risk.o
g++ -std=gnu++17 -shared -L/usr/lib/R/lib -Wl,-Bsymbolic-functions -flto=auto -ffat-lto-objects -Wl,-z,relro -o Colossus.so Calc_Repeated.o Grouping.o Main_Bound.o Main_Functions.o Main_Multi.o Omnibus_Pieces.o Plot_Extensions.o R_Interface.o RcppExports.o Step_Calc.o Step_Grad.o Step_Newton.o Subterms_Risk.o -llapack -lblas -lgfortran -lm -fopenmp -L/usr/lib/R/lib -lR
installing to /__w/linux-arm64-checks/linux-arm64-checks/mylib/00LOCK-Colossus/00new/Colossus/libs
** R
** inst
** byte-compile and prepare package for lazy loading
** help
*** installing help indices
** building package indices
** installing vignettes
** testing if installed package can be loaded from temporary location
** checking absolute paths in shared objects and dynamic libraries
** testing if installed package can be loaded from final location
** testing if installed package keeps a record of temporary installation path
* DONE (Colossus)
