* using log directory ‘/__w/linux-arm64-checks/linux-arm64-checks/minimaxApprox.Rcheck’
* using R version 4.5.3 (2026-03-11)
* using platform: aarch64-unknown-linux-gnu
* R was compiled by
    gcc (Ubuntu 13.3.0-6ubuntu2~24.04.1) 13.3.0
    GNU Fortran (Ubuntu 13.3.0-6ubuntu2~24.04.1) 13.3.0
* running under: Ubuntu 24.04.4 LTS
* using session charset: UTF-8
* using options ‘--no-manual --no-vignettes’
* checking for file ‘minimaxApprox/DESCRIPTION’ ... OK
* checking extension type ... Package
* this is package ‘minimaxApprox’ version ‘0.5.0’
* package encoding: UTF-8
* checking package namespace information ... OK
* checking package dependencies ... OK
* checking if this is a source package ... OK
* checking if there is a namespace ... OK
* checking for executable files ... OK
* checking for hidden files and directories ... OK
* checking for portable file names ... OK
* checking for sufficient/correct file permissions ... OK
* checking whether package ‘minimaxApprox’ can be installed ... OK
* used C compiler: ‘gcc (Ubuntu 13.3.0-6ubuntu2~24.04.1) 13.3.0’
* checking installed package size ... OK
* checking package directory ... OK
* checking DESCRIPTION meta-information ... OK
* checking top-level files ... OK
* checking for left-over files ... OK
* checking index information ... OK
* checking package subdirectories ... OK
* checking code files for non-ASCII characters ... OK
* checking R files for syntax errors ... OK
* checking whether the package can be loaded ... OK
* checking whether the package can be loaded with stated dependencies ... OK
* checking whether the package can be unloaded cleanly ... OK
* checking whether the namespace can be loaded with stated dependencies ... OK
* checking whether the namespace can be unloaded cleanly ... OK
* checking loading without being on the library search path ... OK
* checking dependencies in R code ... OK
* checking S3 generic/method consistency ... OK
* checking replacement functions ... OK
* checking foreign function calls ... OK
* checking R code for possible problems ... OK
* checking Rd files ... OK
* checking Rd metadata ... OK
* checking Rd cross-references ... OK
* checking for missing documentation entries ... OK
* checking for code/documentation mismatches ... OK
* checking Rd \usage sections ... OK
* checking Rd contents ... OK
* checking for unstated dependencies in examples ... OK
* checking line endings in C/C++/Fortran sources/headers ... OK
* checking line endings in Makefiles ... OK
* checking compilation flags in Makevars ... OK
* checking for GNU extensions in Makefiles ... OK
* checking for portable use of $(BLAS_LIBS) and $(LAPACK_LIBS) ... OK
* checking use of PKG_*FLAGS in Makefiles ... OK
* checking compiled code ... NOTE
/usr/bin/nm: /__w/linux-arm64-checks/linux-arm64-checks/mylib/minimaxApprox/libs/minimaxApprox.so: no symbols
Note: information on .o files is not available
/usr/bin/nm: /__w/linux-arm64-checks/linux-arm64-checks/mylib/minimaxApprox/libs/minimaxApprox.so: no symbols


See ‘Writing portable packages’ in the ‘Writing R Extensions’ manual.
* checking examples ... OK
* checking for unstated dependencies in ‘tests’ ... OK
* checking tests ... ERROR
  Running ‘tinytest.R’
Running the tests in ‘tests/tinytest.R’ failed.
Last 13 lines of output:
  test_shared.R.................   20 tests [0;32mOK[0m 
  test_shared.R.................   20 tests [0;32mOK[0m 
  test_shared.R.................   21 tests [0;32mOK[0m 
  test_shared.R.................   21 tests [0;32mOK[0m 
  test_shared.R.................   22 tests [0;32mOK[0m 
  test_shared.R.................   22 tests [0;32mOK[0m 
  test_shared.R.................   22 tests [0;32mOK[0m 
  test_shared.R.................   23 tests [0;32mOK[0m 
  test_shared.R.................   24 tests [0;32mOK[0m 
  test_shared.R.................   25 tests [0;32mOK[0m [0;36m47ms[0m
  ----- FAILED[xcpt]: test_MiniMaxApprox.R<136--136>
   call| expect_warning(minimaxApprox(fn, -1, 1, 21, opts = opts), wrnMess)
   diff| No warning was emitted
  Error: 1 out of 141 tests failed
  Execution halted
* DONE
Status: 1 ERROR, 1 NOTE
